INFO:sim:172 - Generating IP...
Applying current project options...
Finished applying current project options.
ERROR:sim - The Memory Initialization vector can contain between 1 to Write
WARNING:sim - A core named 'rom' already exists in the project. Output products
   for this core may be overwritten.
Resolving generics for 'rom'...
WARNING:sim - A core named 'rom' already exists in the project. Output products
   for this core may be overwritten.
Applying external generics to 'rom'...
Delivering associated files for 'rom'...
Delivering EJava files for 'rom'...
Generating implementation netlist for 'rom'...
INFO:sim - Pre-processing HDL files for 'rom'...
Running synthesis for 'rom'
Running ngcbuild...
Writing VEO instantiation template for 'rom'...
Writing Verilog behavioral simulation model for 'rom'...
WARNING:sim - Overwriting existing file Z:/Shared/ISE
   Projects/vga/ipcore_dir/tmp/_cg/rom/doc/blk_mem_gen_v7_3_vinfo.html with file
   from view xilinx_documentation
Delivered 1 file into directory Z:/Shared/ISE
Projects/vga/ipcore_dir/tmp/_cg/rom
Generating ASY schematic symbol...
INFO:sim:949 - Finished generation of ASY schematic symbol.
Generating SYM schematic symbol for 'rom'...
Generating metadata file...
Regenerating ISE project file for 'rom'...
Generating ISE project...
XCO file found: rom.xco
XMDF file found: rom_xmdf.tcl
Adding Z:/Shared/ISE Projects/vga/ipcore_dir/tmp/_cg/rom.asy -view all
-origin_type imported
Adding Z:/Shared/ISE Projects/vga/ipcore_dir/tmp/_cg/rom.ngc -view all
-origin_type created
Checking file "Z:/Shared/ISE Projects/vga/ipcore_dir/tmp/_cg/rom.ngc" for
project device match ...
File "Z:/Shared/ISE Projects/vga/ipcore_dir/tmp/_cg/rom.ngc" device information
matches project device.
Adding Z:/Shared/ISE Projects/vga/ipcore_dir/tmp/_cg/rom.sym -view all
-origin_type imported
Adding Z:/Shared/ISE Projects/vga/ipcore_dir/tmp/_cg/rom.v -view all
-origin_type created
INFO:HDLCompiler:1845 - Analyzing Verilog file "Z:/Shared/ISE
   Projects/vga/ipcore_dir/tmp/_cg/rom.v" into library work
INFO:ProjectMgmt - Parsing design hierarchy completed successfully.
Adding Z:/Shared/ISE Projects/vga/ipcore_dir/tmp/_cg/rom.veo -view all
-origin_type imported
INFO:TclTasksC:2116 - The automatic calculation of top has been turned-off.
   Please set the new top explicitly by running the "project set top" command.
   To re-calculate the new top automatically, set the "Auto Implementation Top"
   property to true.
Top level has been set to "/rom"
Generating README file...
Generating FLIST file...
INFO:sim:948 - Finished FLIST file generation.
Launching README viewer...
Moving files to output directory...
Finished moving files to output directory
Wrote CGP file for project 'rom'.
