Release 14.7 - xst P.20131013 (nt64)
Copyright (c) 1995-2013 Xilinx, Inc.  All rights reserved.
--> Parameter TMPDIR set to xst/projnav.tmp


Total REAL time to Xst completion: 0.00 secs
Total CPU time to Xst completion: 0.10 secs
 
--> Parameter xsthdpdir set to xst


Total REAL time to Xst completion: 0.00 secs
Total CPU time to Xst completion: 0.10 secs
 
--> Reading design: top.prj

TABLE OF CONTENTS
  1) Synthesis Options Summary
  2) HDL Parsing
  3) HDL Elaboration
  4) HDL Synthesis
       4.1) HDL Synthesis Report
  5) Advanced HDL Synthesis
       5.1) Advanced HDL Synthesis Report
  6) Low Level Synthesis
  7) Partition Report
  8) Design Summary
       8.1) Primitive and Black Box Usage
       8.2) Device utilization summary
       8.3) Partition Resource Summary
       8.4) Timing Report
            8.4.1) Clock Information
            8.4.2) Asynchronous Control Signals Information
            8.4.3) Timing Summary
            8.4.4) Timing Details
            8.4.5) Cross Clock Domains Report


=========================================================================
*                      Synthesis Options Summary                        *
=========================================================================
---- Source Parameters
Input File Name                    : "top.prj"
Ignore Synthesis Constraint File   : NO

---- Target Parameters
Output File Name                   : "top"
Output Format                      : NGC
Target Device                      : xc6slx9-2-csg324

---- Source Options
Top Module Name                    : top
Automatic FSM Extraction           : YES
FSM Encoding Algorithm             : Auto
Safe Implementation                : No
FSM Style                          : LUT
RAM Extraction                     : Yes
RAM Style                          : Auto
ROM Extraction                     : Yes
Shift Register Extraction          : YES
ROM Style                          : Auto
Resource Sharing                   : YES
Asynchronous To Synchronous        : NO
Shift Register Minimum Size        : 2
Use DSP Block                      : Auto
Automatic Register Balancing       : No

---- Target Options
LUT Combining                      : Auto
Reduce Control Sets                : Auto
Add IO Buffers                     : YES
Global Maximum Fanout              : 100000
Add Generic Clock Buffer(BUFG)     : 16
Register Duplication               : YES
Optimize Instantiated Primitives   : NO
Use Clock Enable                   : Auto
Use Synchronous Set                : Auto
Use Synchronous Reset              : Auto
Pack IO Registers into IOBs        : Auto
Equivalent register Removal        : YES

---- General Options
Optimization Goal                  : Speed
Optimization Effort                : 1
Power Reduction                    : NO
Keep Hierarchy                     : No
Netlist Hierarchy                  : As_Optimized
RTL Output                         : Yes
Global Optimization                : AllClockNets
Read Cores                         : YES
Write Timing Constraints           : NO
Cross Clock Analysis               : NO
Hierarchy Separator                : /
Bus Delimiter                      : <>
Case Specifier                     : Maintain
Slice Utilization Ratio            : 100
BRAM Utilization Ratio             : 100
DSP48 Utilization Ratio            : 100
Auto BRAM Packing                  : NO
Slice Utilization Ratio Delta      : 5

=========================================================================


=========================================================================
*                          HDL Parsing                                  *
=========================================================================
Analyzing Verilog file "\\vmware-host\shared folders\Shared\ISE Projects\sfp\sfp.v" into library work
Parsing module <sfp>.
Analyzing Verilog file "\\vmware-host\shared folders\Shared\ISE Projects\sfp\top.v" into library work
Parsing module <top>.

=========================================================================
*                            HDL Elaboration                            *
=========================================================================

Elaborating module <top>.

Elaborating module <sfp>.

=========================================================================
*                           HDL Synthesis                               *
=========================================================================

Synthesizing Unit <top>.
    Related source file is "\\vmware-host\shared folders\Shared\ISE Projects\sfp\top.v".
    Summary:
	no macro.
Unit <top> synthesized.

Synthesizing Unit <sfp>.
    Related source file is "\\vmware-host\shared folders\Shared\ISE Projects\sfp\sfp.v".
    Found 27-bit register for signal <c>.
    Found 1-bit register for signal <r_tx>.
    Found 27-bit adder for signal <c[26]_GND_2_o_add_2_OUT> created at line 36.
    Summary:
	inferred   1 Adder/Subtractor(s).
	inferred  28 D-type flip-flop(s).
Unit <sfp> synthesized.

=========================================================================
HDL Synthesis Report

Macro Statistics
# Adders/Subtractors                                   : 4
 27-bit adder                                          : 4
# Registers                                            : 8
 1-bit register                                        : 4
 27-bit register                                       : 4

=========================================================================

=========================================================================
*                       Advanced HDL Synthesis                          *
=========================================================================


Synthesizing (advanced) Unit <sfp>.
The following registers are absorbed into counter <c>: 1 register on signal <c>.
Unit <sfp> synthesized (advanced).

=========================================================================
Advanced HDL Synthesis Report

Macro Statistics
# Counters                                             : 4
 27-bit up counter                                     : 4
# Registers                                            : 4
 Flip-Flops                                            : 4

=========================================================================

=========================================================================
*                         Low Level Synthesis                           *
=========================================================================

Optimizing unit <top> ...

Mapping all equations...
Building and optimizing final netlist ...
Found area constraint ratio of 100 (+ 5) on block top, actual ratio is 2.

Final Macro Processing ...

=========================================================================
Final Register Report

Macro Statistics
# Registers                                            : 112
 Flip-Flops                                            : 112

=========================================================================

=========================================================================
*                           Partition Report                            *
=========================================================================

Partition Implementation Status
-------------------------------

  No Partitions were found in this design.

-------------------------------

=========================================================================
*                            Design Summary                             *
=========================================================================

Top Level Output File Name         : top.ngc

Primitive and Black Box Usage:
------------------------------
# BELS                             : 478
#      GND                         : 1
#      INV                         : 8
#      LUT1                        : 104
#      LUT3                        : 8
#      LUT6                        : 144
#      MUXCY                       : 104
#      VCC                         : 1
#      XORCY                       : 108
# FlipFlops/Latches                : 112
#      FD                          : 112
# Clock Buffers                    : 1
#      BUFGP                       : 1
# IO Buffers                       : 31
#      IBUF                        : 12
#      OBUF                        : 19

Device utilization summary:
---------------------------

Selected Device : 6slx9csg324-2 


Slice Logic Utilization: 
 Number of Slice Registers:             112  out of  11440     0%  
 Number of Slice LUTs:                  264  out of   5720     4%  
    Number used as Logic:               264  out of   5720     4%  

Slice Logic Distribution: 
 Number of LUT Flip Flop pairs used:    264
   Number with an unused Flip Flop:     152  out of    264    57%  
   Number with an unused LUT:             0  out of    264     0%  
   Number of fully used LUT-FF pairs:   112  out of    264    42%  
   Number of unique control sets:         1

IO Utilization: 
 Number of IOs:                          33
 Number of bonded IOBs:                  32  out of    200    16%  

Specific Feature Utilization:
 Number of BUFG/BUFGCTRLs:                1  out of     16     6%  

---------------------------
Partition Resource Summary:
---------------------------

  No Partitions were found in this design.

---------------------------


=========================================================================
Timing Report

NOTE: THESE TIMING NUMBERS ARE ONLY A SYNTHESIS ESTIMATE.
      FOR ACCURATE TIMING INFORMATION PLEASE REFER TO THE TRACE REPORT
      GENERATED AFTER PLACE-and-ROUTE.

Clock Information:
------------------
-----------------------------------+------------------------+-------+
Clock Signal                       | Clock buffer(FF name)  | Load  |
-----------------------------------+------------------------+-------+
CLK_100MHz                         | BUFGP                  | 112   |
-----------------------------------+------------------------+-------+

Asynchronous Control Signals Information:
----------------------------------------
No asynchronous control signals found in this design

Timing Summary:
---------------
Speed Grade: -2

   Minimum period: 3.856ns (Maximum Frequency: 259.336MHz)
   Minimum input arrival time before clock: No path found
   Maximum output required time after clock: 4.162ns
   Maximum combinational path delay: 5.857ns

Timing Details:
---------------
All values displayed in nanoseconds (ns)

=========================================================================
Timing constraint: Default period analysis for Clock 'CLK_100MHz'
  Clock period: 3.856ns (frequency: 259.336MHz)
  Total number of paths / destination ports: 4540 / 112
-------------------------------------------------------------------------
Delay:               3.856ns (Levels of Logic = 2)
  Source:            sfp3/c_19 (FF)
  Destination:       sfp3/c_21 (FF)
  Source Clock:      CLK_100MHz rising
  Destination Clock: CLK_100MHz rising

  Data Path: sfp3/c_19 to sfp3/c_21
                                Gate     Net
    Cell:in->out      fanout   Delay   Delay  Logical Name (Net Name)
    ----------------------------------------  ------------
     FD:C->Q               3   0.525   1.221  sfp3/c_19 (sfp3/c_19)
     LUT6:I0->O           13   0.254   1.528  sfp3/GND_2_o_GND_2_o_equal_2_o<26>4_1 (sfp3/GND_2_o_GND_2_o_equal_2_o<26>41)
     LUT6:I1->O            1   0.254   0.000  sfp3/c_21_rstpot (sfp3/c_21_rstpot)
     FD:D                      0.074          sfp3/c_21
    ----------------------------------------
    Total                      3.856ns (1.107ns logic, 2.749ns route)
                                       (28.7% logic, 71.3% route)

=========================================================================
Timing constraint: Default OFFSET OUT AFTER for Clock 'CLK_100MHz'
  Total number of paths / destination ports: 4 / 4
-------------------------------------------------------------------------
Offset:              4.162ns (Levels of Logic = 1)
  Source:            sfp3/r_tx (FF)
  Destination:       SevenSegment<0> (PAD)
  Source Clock:      CLK_100MHz rising

  Data Path: sfp3/r_tx to SevenSegment<0>
                                Gate     Net
    Cell:in->out      fanout   Delay   Delay  Logical Name (Net Name)
    ----------------------------------------  ------------
     FD:C->Q               2   0.525   0.725  sfp3/r_tx (sfp3/r_tx)
     OBUF:I->O                 2.912          SevenSegment_0_OBUF (SevenSegment<0>)
    ----------------------------------------
    Total                      4.162ns (3.437ns logic, 0.725ns route)
                                       (82.6% logic, 17.4% route)

=========================================================================
Timing constraint: Default path analysis
  Total number of paths / destination ports: 12 / 12
-------------------------------------------------------------------------
Delay:               5.857ns (Levels of Logic = 3)
  Source:            SFP0_DETECT (PAD)
  Destination:       LED<7> (PAD)

  Data Path: SFP0_DETECT to LED<7>
                                Gate     Net
    Cell:in->out      fanout   Delay   Delay  Logical Name (Net Name)
    ----------------------------------------  ------------
     IBUF:I->O             1   1.328   0.681  SFP0_DETECT_IBUF (SFP0_DETECT_IBUF)
     INV:I->O              1   0.255   0.681  sfp0/o_detect1_INV_0 (LED_7_OBUF)
     OBUF:I->O                 2.912          LED_7_OBUF (LED<7>)
    ----------------------------------------
    Total                      5.857ns (4.495ns logic, 1.362ns route)
                                       (76.7% logic, 23.3% route)

=========================================================================

Cross Clock Domains Report:
--------------------------

Clock to Setup on destination clock CLK_100MHz
---------------+---------+---------+---------+---------+
               | Src:Rise| Src:Fall| Src:Rise| Src:Fall|
Source Clock   |Dest:Rise|Dest:Rise|Dest:Fall|Dest:Fall|
---------------+---------+---------+---------+---------+
CLK_100MHz     |    3.856|         |         |         |
---------------+---------+---------+---------+---------+

=========================================================================


Total REAL time to Xst completion: 4.00 secs
Total CPU time to Xst completion: 3.56 secs
 
--> 

Total memory usage is 257040 kilobytes

Number of errors   :    0 (   0 filtered)
Number of warnings :    0 (   0 filtered)
Number of infos    :    0 (   0 filtered)

